500 42.30 36.14 26.45 18.13 11.82 73.76
1000 45.45 39.08 28.99 20.92 13.70 73.33
1500 49.14 43.13 32.45 24.46 16.79 73.32
2000 51.05 45.01 34.74 26.59 19.39 73.65
2500 52.42 46.79 36.86 28.30 21.25 72.74
3000 53.55 48.50 37.48 29.24 21.45 72.14
3500 54.37 49.29 38.69 29.63 22.16 72.47
4000 54.66 49.76 39.46 30.32 22.43 72.35
4500 55.13 50.05 39.64 30.82 22.95 72.27
5000 54.76 49.95 39.21 30.51 22.87 72.67
5500 55.22 50.25 39.35 31.10 23.46 72.80
6000 55.56 50.43 39.86 31.65 23.73 72.99
6500 55.88 51.01 40.45 31.84 23.85 72.40
7000 54.96 50.03 40.12 31.65 23.64 72.14
7500 55.74 50.48 40.73 31.97 24.20 72.25
8000 55.74 50.54 40.46 31.92 23.79 72.81
8500 55.02 50.13 40.19 31.60 23.58 72.65
9000 55.16 50.12 40.03 32.13 23.93 71.86
9500 55.42 50.36 40.23 32.41 23.98 72.64
10000 55.83 50.75 40.56 32.38 24.15 71.98
10500 56.18 51.06 40.73 32.49 24.28 72.21
11000 56.34 51.09 40.92 32.74 24.71 71.72
11500 55.51 50.58 40.20 32.15 24.08 72.71
12000 55.75 51.15 40.37 32.12 24.35 71.75
12500 55.21 50.58 40.16 32.39 24.44 72.68
13000 56.10 51.41 39.89 32.53 24.44 72.24
13500 55.89 51.37 40.37 32.64 24.70 72.35
14000 55.69 51.15 40.47 32.60 24.73 72.19
14500 55.72 51.16 40.63 32.82 25.01 72.30
15000 55.87 51.29 40.56 32.99 24.91 72.87
15500 55.80 51.13 40.05 32.32 24.38 72.34
16000 55.23 50.71 39.87 31.87 24.34 71.76
16500 55.48 51.02 40.64 32.98 24.79 72.20
17000 55.68 51.13 40.17 32.34 24.32 72.42
17500 55.42 51.05 40.43 32.27 24.72 72.37
18000 56.41 51.71 40.76 32.90 24.62 72.17
18500 55.96 51.53 41.05 33.19 24.89 71.95
19000 54.43 50.07 39.68 31.95 24.31 72.07
19500 55.57 50.97 40.26 32.47 24.62 72.71
20000 56.20 51.60 40.49 32.64 24.55 71.82
20500 55.98 51.30 41.20 33.24 25.01 73.00
21000 55.89 51.23 41.09 33.38 24.81 73.19
21500 55.27 50.87 40.36 32.77 24.59 72.09
22000 55.56 51.15 40.49 32.87 24.49 72.24
22500 54.94 50.67 39.62 32.38 23.97 72.67
23000 55.81 51.35 41.16 33.11 24.32 72.81
500 40.46 33.85 24.06 15.65 9.50 73.57
1000 41.10 34.52 24.42 15.86 9.80 72.99
1500 41.94 35.37 24.94 16.27 10.25 72.82
2000 41.80 35.28 25.19 16.29 10.41 72.61
2500 41.96 35.29 25.28 16.31 10.34 73.14
3000 41.91 35.42 25.35 16.18 10.25 72.18
3500 42.02 35.60 25.50 16.42 10.36 73.12
4000 42.63 36.20 25.76 16.55 10.52 73.05
4500 42.13 36.05 25.31 16.58 10.41 71.83
5000 41.81 35.51 25.18 16.37 10.20 72.90
5500 41.78 35.39 25.02 16.25 10.06 72.73
6000 41.66 35.57 24.65 16.22 10.02 73.35
6500 41.92 35.70 25.03 16.49 10.20 73.21
7000 41.62 35.44 24.43 15.94 9.96 72.65
7500 41.24 34.94 24.26 15.57 9.84 72.87
8000 41.33 34.81 23.87 15.35 9.42 73.30
8500 41.47 35.06 24.01 15.50 9.56 72.91
9000 41.44 35.03 24.35 15.90 9.63 72.94
9500 41.22 34.78 23.97 15.62 9.35 72.25
10000 41.02 34.73 23.65 15.35 9.45 72.03
10500 40.85 34.57 23.47 15.46 9.37 72.00
11000 41.33 35.02 23.63 15.75 9.68 73.09
11500 40.91 34.52 23.47 15.65 9.54 72.29
12000 40.11 34.17 23.17 15.25 9.22 72.62
12500 40.61 34.39 23.91 15.88 9.89 72.52
13000 39.85 33.62 23.04 15.03 9.48 73.06
13500 40.69 34.10 23.62 15.45 9.64 73.31
14000 38.88 32.53 21.93 14.65 9.32 73.35
14500 39.86 33.48 22.98 15.28 9.65 73.69
15000 39.74 33.06 22.63 14.76 9.07 73.58
15500 39.70 33.23 22.96 15.05 9.34 73.44
16000 39.60 33.13 23.10 15.19 9.55 73.89
16500 38.74 32.60 21.85 13.96 8.66 73.57
17000 39.65 33.36 22.11 14.20 8.80 73.75
17500 39.74 33.33 22.23 14.51 8.93 73.39
18000 39.75 33.29 22.47 14.86 9.22 74.16
18500 39.59 33.17 22.61 14.84 9.24 74.08
19000 39.34 32.91 22.68 15.00 9.21 72.82
19500 39.23 32.67 22.22 14.70 9.08 73.02
20000 39.18 32.92 22.23 14.73 8.79 73.41
20500 39.47 33.25 22.52 15.03 9.25 73.52
21000 39.53 32.73 22.41 14.95 9.18 73.79
21500 39.32 33.07 22.59 14.90 9.19 73.28
22000 39.38 32.77 22.03 14.49 8.89 73.02
22500 38.83 32.32 21.92 14.55 9.29 73.40
23000 39.38 32.81 22.36 14.71 9.32 73.64
23500 39.10 32.59 22.17 14.61 9.25 73.57
24000 39.03 32.53 22.06 14.53 8.86 73.64
24500 39.30 32.67 22.44 14.77 8.98 73.24
25000 39.38 32.96 22.57 14.99 9.48 73.64
25500 39.07 32.93 22.38 14.97 9.19 73.58
26000 39.57 33.28 22.56 15.14 9.21 74.00
26500 39.55 32.85 22.33 15.05 9.24 74.18
27000 39.47 33.12 22.25 14.78 9.10 73.84
27500 39.19 32.58 21.97 14.55 8.96 73.43
28000 39.20 32.69 22.28 14.79 8.95 74.37
28500 39.46 32.83 22.31 14.80 9.27 73.31
29000 37.97 31.47 20.50 13.03 8.46 73.00
29500 38.80 32.50 21.57 13.80 8.85 72.86
30000 39.32 32.61 21.81 14.09 8.82 73.10
30500 38.85 32.37 21.65 14.10 8.70 73.25
31000 39.14 32.61 21.65 14.18 8.66 73.76
31500 39.44 32.85 22.13 14.50 8.96 73.47
32000 39.24 33.13 21.73 14.11 8.81 73.86
32500 38.91 32.49 21.96 14.32 8.99 73.74
33000 37.93 31.33 21.54 14.20 9.16 72.71
33500 38.60 32.28 21.95 14.56 8.97 73.12
34000 39.00 32.52 21.92 14.53 9.04 73.36
34500 39.41 32.72 22.08 14.47 8.98 72.58
35000 39.57 32.94 22.10 14.61 9.05 72.85
35500 39.29 32.71 22.04 14.37 8.71 73.09
36000 39.24 32.82 22.06 14.56 8.99 73.49
36500 39.33 32.88 22.01 14.37 8.85 73.50
37000 39.11 32.66 21.93 14.59 8.97 73.81
37500 39.33 32.88 22.23 14.65 8.88 73.58
38000 39.11 32.64 21.98 14.47 8.81 73.75
38500 39.60 33.39 22.22 14.73 8.96 73.30
39000 39.37 32.77 21.94 14.60 8.99 73.18
39500 39.05 32.74 21.77 14.34 8.99 73.71
40000 39.09 32.78 22.02 14.45 8.94 73.82
40500 39.14 32.49 21.74 14.28 8.92 73.54
41000 39.45 32.82 22.32 14.64 8.99 73.37
500 42.96 36.19 26.41 18.03 11.50 73.31
1000 45.01 39.03 28.83 20.72 13.59 72.89
1500 48.67 42.06 31.85 23.89 16.13 73.38
2000 50.97 44.80 34.37 26.27 18.88 73.22
500 42.15 36.02 26.20 18.13 11.94 96.37
1000 44.55 38.28 28.91 20.89 14.00 96.20
1500 48.21 42.03 31.72 24.12 15.93 96.40
2000 50.74 44.28 34.20 25.94 18.38 96.50
2500 52.11 46.71 36.40 27.93 20.61 96.49
3000 53.42 48.52 38.11 29.01 21.58 96.57
3500 53.43 48.25 38.12 29.29 21.71 96.44
4000 54.24 49.03 38.82 30.01 22.04 96.27
4500 54.55 49.26 39.28 30.14 22.15 96.39
5000 54.97 49.95 39.28 30.35 22.54 96.38
5500 54.92 49.77 39.73 30.68 22.72 96.24
6000 54.66 49.69 39.52 30.59 22.88 96.18
6500 55.27 50.11 40.42 31.35 23.24 95.95
7000 54.97 50.00 40.26 31.50 23.44 96.07
7500 55.30 50.03 40.12 31.92 23.76 96.16
8000 55.44 50.13 39.64 31.19 23.82 95.97
8500 55.22 50.31 40.36 31.62 24.10 96.05
9000 55.29 50.18 40.05 32.18 23.83 95.95
9500 55.31 50.09 39.84 31.75 23.58 96.15
10000 55.24 50.18 39.90 32.04 24.21 96.09
10500 55.71 50.58 39.95 32.21 24.17 95.96
11000 55.28 50.37 39.92 32.04 23.85 96.17
11500 55.66 50.56 40.02 32.34 24.09 96.01
12000 55.28 50.27 39.45 31.47 23.81 96.09
12500 55.56 50.27 39.75 32.53 24.67 96.01
13000 55.05 50.22 39.47 31.78 23.98 96.22
13500 55.34 50.41 39.69 32.18 24.58 96.18
14000 55.03 50.21 39.63 32.08 24.21 96.03
14500 55.02 50.02 39.36 32.07 23.70 96.04
15000 55.30 50.37 39.41 32.00 24.05 96.18
15500 55.45 50.26 39.53 31.92 24.28 95.89
16000 55.25 50.33 39.50 31.60 24.15 95.93
16500 55.31 50.52 39.31 31.66 24.23 96.04
17000 55.15 50.17 39.58 32.15 24.01 95.99
17500 54.92 49.78 39.43 32.00 24.29 96.09
18000 55.16 50.39 39.69 32.09 24.31 95.96
18500 55.59 50.69 40.07 32.48 24.61 96.12
19000 55.19 50.28 39.62 32.17 24.47 96.19
19500 54.77 50.01 38.83 31.39 23.98 96.09
20000 55.08 50.13 39.31 31.75 24.43 96.24
20500 55.49 50.54 39.92 32.52 24.81 95.86
21000 55.19 50.11 39.41 31.54 24.33 95.94
21500 55.69 50.79 39.88 31.90 24.43 96.00
22000 55.31 50.63 39.90 32.18 24.70 95.99
22500 54.94 50.30 39.63 31.58 23.92 95.87
23000 55.13 50.50 39.94 32.09 24.29 96.16
23500 54.96 50.84 39.87 31.88 24.49 96.10
24000 55.41 50.83 40.23 31.77 24.47 95.93
24500 55.41 51.42 40.00 32.46 24.59 96.14
