th=0.5 on cpu
0 3.46 2.58 1.22 0.56 0.31 1.80
500 37.53 31.96 23.13 15.82 9.77 81.04
1000 40.47 34.71 26.10 18.12 11.38 85.38
1500 42.50 36.10 26.92 19.51 12.59 85.13
2000 43.33 36.83 28.11 20.54 13.80 85.38
2500 43.66 36.78 28.69 21.12 14.18 85.57
3000 44.19 37.25 29.47 21.73 15.10 85.97
3500 45.01 38.54 30.03 22.42 15.84 85.95
4000 46.14 39.26 30.93 23.40 16.26 85.86
4500 46.59 40.35 31.60 23.88 16.99 85.26
5000 47.39 41.43 32.79 24.96 17.61 85.68
5500 48.17 42.34 33.72 26.00 18.43 85.90
6000 49.01 43.04 34.37 26.61 18.65 85.50
6500 48.89 42.91 34.55 27.51 19.32 86.14
7000 50.05 43.96 35.77 28.04 20.23 86.45
7500 50.12 43.93 35.72 27.63 19.98 86.08
8000 50.21 44.36 35.71 28.13 20.25 85.35
8500 50.65 44.64 36.22 28.16 20.48 86.33
9000 51.37 45.06 36.75 28.80 21.22 86.12
9500 51.21 45.20 37.01 28.71 21.20 86.26
10000 51.65 46.19 37.17 28.72 21.60 86.26
10500 51.59 45.80 37.24 29.06 21.79 85.82
11000 51.17 45.84 37.04 28.82 21.65 86.36
11500 51.84 46.28 37.54 29.08 22.04 86.10
12000 52.15 46.60 37.75 29.63 22.29 85.87
12500 52.16 46.37 37.58 29.24 21.78 86.16
13000 51.88 46.16 37.65 29.10 22.08 85.83
13500 51.61 45.92 37.14 28.66 21.59 85.58
14000 51.66 46.25 37.57 29.28 22.04 85.72
14500 51.79 46.41 38.11 29.38 22.21 85.78
15000 51.71 46.24 37.60 29.28 21.86 85.86
15500 50.92 45.39 36.67 28.26 21.27 86.15
16000 51.09 45.36 37.19 28.80 21.50 85.73
16500 51.62 46.06 37.93 29.30 21.91 86.23
17000 52.00 46.43 38.08 29.45 22.03 85.86
17500 51.47 46.05 37.60 28.98 21.77 85.61
18000 51.81 46.13 37.91 29.21 21.96 85.46
18500 52.24 46.87 38.54 29.70 22.40 85.76
19000 51.83 46.25 38.09 29.43 22.11 85.66
19500 51.73 45.95 37.67 29.16 21.88 85.83
20000 51.92 46.12 37.65 28.89 21.79 85.55
20500 52.50 46.87 38.45 29.51 22.23 85.79
21000 51.92 46.16 37.62 28.92 21.91 85.98
21500 51.92 46.28 37.57 28.98 21.98 85.19
22000 52.42 46.90 38.31 29.38 22.06 85.80
22500 52.09 46.45 37.83 29.07 21.79 85.46
23000 52.14 46.63 37.60 29.01 21.99 85.85
23500 51.76 45.88 37.33 28.59 21.69 85.46
24000 51.82 46.45 37.78 29.22 21.91 85.59
24500 52.02 46.32 37.48 28.86 21.43 85.28
25000 52.32 46.77 38.16 29.17 21.79 85.71
25500 52.07 46.39 37.85 29.09 21.81 85.30
26000 52.05 46.72 38.37 29.60 21.96 85.74
26500 52.38 46.78 38.24 29.33 21.75 85.54
27000 52.36 46.83 38.14 29.67 22.28 85.15
27500 52.32 46.58 38.14 29.20 21.90 85.64
28000 52.43 46.68 38.26 29.34 21.93 85.69
28500 52.32 46.71 38.19 29.62 21.95 85.92
29000 53.04 47.27 38.82 30.12 22.12 85.07
29500 52.46 46.95 38.48 29.69 21.76 85.58
30000 52.87 47.33 38.69 29.92 22.32 85.68
30500 52.27 46.59 38.28 29.52 21.80 85.46
31000 52.17 46.60 38.23 29.47 21.89 85.20
31500 52.42 46.85 38.51 29.68 21.94 85.54
32000 52.57 46.89 38.44 29.79 21.98 85.35
32500 52.51 46.72 38.23 29.47 21.69 85.65
33000 52.88 47.12 38.38 29.61 21.87 85.66
33500 53.20 47.83 39.02 30.26 22.18 85.27
34000 52.71 46.71 38.21 29.51 21.64 85.71
34500 52.93 47.46 38.64 29.77 21.79 85.91
35000 52.92 47.69 38.78 30.10 21.97 85.92
35500 52.60 47.06 38.42 29.74 22.07 84.84
36000 52.70 47.38 38.93 29.84 21.97 86.04
36500 52.89 47.67 38.78 30.09 22.21 85.07
37000 53.02 47.69 38.99 30.07 22.11 85.36
37500 52.78 47.33 38.86 29.96 21.88 85.10
38000 53.20 47.76 39.15 29.88 22.40 85.25
38500 53.10 47.37 39.13 30.40 22.43 85.52
39000 53.13 47.45 38.67 30.10 22.25 85.10
39500 53.00 47.61 38.84 30.22 22.15 85.26
40000 53.05 47.44 38.81 30.00 21.79 85.30
40500 52.92 47.38 38.80 30.00 21.70 84.99
41000 52.34 46.87 37.99 29.59 21.65 85.48
41500 52.33 46.97 38.32 29.56 21.52 85.79
42000 52.93 47.28 38.61 29.97 22.04 85.56
42500 52.86 47.06 38.67 29.58 21.68 85.40
43000 53.09 47.57 39.15 29.60 21.78 85.34
43500 52.48 47.11 38.49 29.92 21.57 85.30
44000 52.50 47.22 38.47 29.83 21.97 84.89
44500 53.32 48.18 39.60 30.30 22.08 85.01
45000 53.10 47.52 38.60 29.66 21.75 85.70
45500 52.81 47.04 38.32 29.45 21.47 85.49
46000 52.29 47.34 38.95 29.74 21.92 84.74
46500 53.12 47.54 38.93 29.86 21.85 85.02
47000 52.85 47.45 38.84 29.75 21.91 85.06
47500 52.61 47.50 39.02 29.93 21.85 84.97
48000 52.62 47.45 39.09 30.05 22.33 85.24
48500 52.22 47.00 38.43 29.29 21.76 85.09
49000 52.86 47.49 39.13 29.75 22.09 85.82
49500 52.61 47.43 38.67 29.72 21.85 85.68
500 36.79 31.41 22.11 14.35 8.84 81.92
1000 40.77 35.26 26.04 17.32 10.60 85.16
1500 42.29 36.15 27.10 19.08 12.14 85.67
2000 43.25 37.10 28.03 20.24 13.10 86.01
2500 43.87 37.64 28.62 21.14 14.46 85.90
3000 44.93 38.41 29.92 21.77 15.19 85.87
3500 45.37 38.80 30.62 22.67 15.52 85.50
4000 46.77 40.19 31.37 23.74 16.32 85.47
4500 47.04 40.18 31.83 24.11 16.89 86.08
5000 47.53 41.50 33.02 25.12 17.64 85.67
5500 48.10 42.18 33.16 25.75 18.56 85.69
6000 48.82 42.91 33.68 26.45 19.16 85.98
6500 50.04 44.23 35.18 27.18 19.07 86.11
7000 50.74 44.76 35.53 27.52 19.79 86.25
7500 50.53 44.39 36.07 28.14 20.17 85.61
8000 50.75 44.59 36.36 28.28 20.45 86.14
8500 51.13 45.03 36.72 28.29 20.58 86.08
9000 50.84 44.67 36.35 28.22 20.46 85.94
9500 51.38 45.19 36.73 28.21 20.43 86.29
10000 51.31 45.27 36.54 28.23 20.88 86.31
10500 51.59 45.51 37.14 28.96 21.61 86.32
11000 51.49 46.21 37.19 28.81 21.62 86.07
11500 52.14 46.57 37.55 29.09 21.95 86.53
12000 51.58 46.38 37.35 28.79 21.87 86.04
12500 51.67 46.50 37.15 28.85 21.75 85.95
13000 51.65 46.41 37.44 29.10 22.23 85.67
13500 51.56 46.26 38.08 29.08 22.12 86.06
14000 52.24 47.11 38.04 29.51 22.38 86.01
14500 51.85 46.67 38.09 29.29 22.12 85.90
15000 51.24 45.89 37.85 29.34 22.04 86.12
15500 51.25 45.83 37.71 29.28 21.89 85.32
16000 51.42 45.96 37.46 29.01 21.89 85.69
16500 51.60 45.78 37.27 28.82 21.49 86.26
17000 51.92 46.26 38.04 29.43 22.09 85.47
17500 51.68 45.55 37.18 28.83 21.49 85.29
18000 51.78 45.89 37.55 28.92 21.87 86.26
18500 51.82 46.21 37.58 28.86 21.91 85.95
19000 52.09 46.70 37.97 29.01 21.96 85.49
19500 52.30 46.83 38.31 29.24 21.75 85.45
20000 52.02 46.44 37.70 29.15 21.76 85.91
20500 51.89 46.19 37.48 28.95 21.65 85.56
21000 52.08 46.53 37.92 29.22 21.81 85.79
21500 52.57 47.02 38.21 29.56 22.20 85.91
22000 51.84 46.38 37.59 29.13 21.86 85.82
22500 52.06 46.56 37.86 29.43 21.90 85.61
23000 51.63 45.72 37.31 28.92 21.47 85.66
23500 51.90 46.41 38.04 29.29 21.79 85.41
24000 52.23 46.85 38.40 29.60 21.95 85.68
24500 51.94 46.48 38.01 29.18 21.88 85.52
25000 52.08 46.51 37.71 29.11 21.69 85.17
25500 51.78 46.43 37.68 29.25 21.78 85.68
26000 51.60 46.20 37.79 29.19 21.59 85.54
26500 52.20 46.75 38.47 29.48 21.75 85.72
27000 51.57 46.03 37.34 29.05 21.54 85.71
27500 52.19 46.60 38.30 29.24 21.63 85.67
28000 52.24 46.54 38.10 29.56 21.78 85.74
28500 52.39 46.74 38.45 29.43 21.71 86.10
29000 52.44 46.75 38.29 29.55 21.57 85.77
29500 52.49 47.18 38.42 29.49 22.03 85.33
30000 52.22 46.58 37.97 28.92 21.46 85.52
30500 52.26 46.61 38.05 29.23 21.74 85.50
31000 52.61 47.04 38.10 29.35 22.00 85.32
31500 52.47 47.36 38.24 29.20 21.78 85.48
32000 52.29 46.92 37.91 29.20 21.76 85.33
32500 52.70 47.29 38.20 29.47 21.77 85.56
33000 52.48 46.85 38.07 29.18 21.75 85.44
33500 52.44 47.22 38.25 29.22 21.75 85.24
34000 52.12 46.97 38.05 28.95 21.47 85.59
34500 52.59 47.16 38.14 29.38 21.86 85.95
35000 52.70 47.22 38.43 29.55 21.96 85.60
35500 52.69 47.04 38.32 29.30 21.76 85.38
36000 52.51 46.88 38.24 29.24 21.96 85.46
36500 52.40 46.99 38.23 29.22 21.81 85.31
37000 52.18 46.88 38.42 29.36 21.71 85.44
37500 52.53 47.43 38.53 29.63 21.92 85.61
38000 52.52 46.92 37.99 29.30 21.69 85.17
38500 52.40 46.76 37.92 29.23 21.89 85.38
39000 52.63 47.34 38.45 29.90 22.05 85.72
39500 52.72 47.44 38.36 29.97 22.10 85.58
40000 52.87 47.52 38.64 29.82 22.14 85.53
40500 52.73 47.54 38.70 30.21 22.05 85.15
41000 52.86 47.43 38.85 29.67 21.75 85.01
41500 52.33 47.12 38.55 29.93 22.00 85.81
42000 52.45 47.34 38.31 29.60 21.84 85.58
42500 53.07 47.74 38.89 30.05 22.08 85.77
43000 52.71 47.55 38.59 29.81 21.91 85.32
43500 52.97 47.38 38.82 29.91 21.96 85.08
44000 52.27 46.89 38.01 29.37 21.80 85.41
44500 52.23 46.88 38.45 29.65 21.93 85.33
45000 52.70 47.51 38.61 30.27 22.23 84.79
45500 52.24 46.81 38.26 29.57 21.75 85.37
46000 52.21 47.01 38.27 29.48 21.68 85.47
46500 52.08 47.09 38.11 29.37 21.56 85.57
47000 52.89 47.81 38.66 29.96 22.00 85.43
47500 53.36 48.25 39.55 30.51 22.09 85.29
48000 53.72 48.38 39.69 30.35 22.36 85.51
48500 52.99 47.58 38.88 29.96 21.91 85.22
49000 53.23 47.88 39.19 29.93 22.08 85.37
49500 53.07 47.64 39.01 30.20 22.24 85.20
500 37.45 32.17 23.41 15.83 10.01 81.68
1000 40.33 34.58 25.82 18.18 11.75 84.93
1500 41.94 35.85 27.20 19.41 12.78 85.14
2000 43.02 37.13 28.33 20.51 13.84 85.71
2500 43.54 37.07 28.95 21.12 14.63 85.58
3000 44.48 38.10 29.86 21.97 15.14 85.80
3500 45.34 39.16 30.60 23.04 15.99 86.30
4000 46.47 40.00 31.21 23.59 16.77 86.08
4500 46.92 40.90 32.68 24.76 17.37 86.26
5000 48.13 41.93 33.82 25.73 18.05 85.98
5500 48.40 42.29 34.08 26.34 18.88 86.16
6000 49.04 42.95 34.15 26.81 18.98 86.33
6500 49.72 43.54 34.81 27.16 19.00 86.09
7000 50.37 44.01 35.37 27.77 19.70 86.19
7500 51.23 45.00 36.31 28.86 20.85 86.09
8000 50.69 44.84 36.11 28.33 20.54 86.21
8500 51.23 45.43 36.82 28.33 20.73 86.08
9000 51.48 45.62 36.75 28.46 20.62 86.55
9500 51.82 46.11 37.52 28.53 20.96 86.38
10000 51.82 45.94 37.25 28.59 21.02 86.40
10500 51.54 45.77 36.91 28.38 20.86 86.24
11000 51.64 46.44 37.13 28.62 21.29 86.16
11500 51.72 46.31 37.79 29.20 21.40 86.38
12000 51.88 46.68 37.68 29.21 21.74 86.07
12500 51.80 46.48 37.89 29.19 21.61 86.21
13000 52.10 47.05 38.03 29.13 21.83 86.41
13500 51.62 46.44 37.40 29.00 21.63 85.89
14000 51.53 46.29 37.86 29.20 21.66 86.17
14500 51.49 46.10 37.23 28.93 21.44 86.40
15000 51.28 46.25 36.99 28.69 21.55 85.97
15500 51.02 45.91 37.26 28.75 21.63 85.76
16000 51.50 46.55 37.73 28.86 22.03 85.90
16500 51.45 46.23 36.91 28.78 21.44 86.16
17000 51.45 46.28 37.71 29.01 21.62 85.93
17500 52.00 46.54 37.64 29.50 21.81 85.87
18000 51.59 46.37 37.74 29.04 21.69 86.04
18500 52.07 47.06 38.24 29.63 22.01 85.66
19000 51.84 46.74 37.86 29.47 21.89 86.14
19500 51.69 46.16 37.72 29.00 21.61 85.85
20000 51.97 46.60 37.62 29.07 21.52 85.50
20500 52.26 47.10 37.98 29.31 21.80 86.12
21000 51.49 46.34 37.96 29.31 21.52 85.60
21500 51.86 46.98 38.29 29.63 21.82 85.92
22000 51.86 46.90 37.75 29.42 21.75 85.78
22500 51.61 46.70 37.65 28.94 21.39 85.78
23000 51.61 46.73 38.15 29.28 21.45 86.29
23500 52.15 46.85 38.49 29.58 21.90 85.74
24000 52.10 46.94 38.38 29.47 21.79 85.90
24500 52.21 47.46 38.69 30.06 22.13 86.21
25000 52.32 47.38 38.56 29.92 21.77 85.76
25500 52.79 47.66 38.82 29.99 22.36 85.79
26000 52.51 47.63 39.09 30.34 22.10 86.10
26500 51.92 47.13 38.47 30.12 22.09 85.62
27000 51.85 46.90 38.57 30.15 21.68 85.64
27500 51.77 47.08 38.84 30.11 21.79 85.15
28000 52.20 47.68 38.87 30.06 21.95 85.99
28500 51.77 47.16 38.76 30.00 22.27 85.86
29000 51.43 47.00 38.45 29.69 21.69 85.61
29500 50.81 46.75 38.29 29.33 21.45 85.88
30000 50.36 45.67 37.24 28.99 20.87 85.15
30500 51.15 46.57 37.66 29.29 21.65 85.87
31000 51.25 46.16 37.28 29.08 21.03 85.66
31500 50.63 45.57 36.52 28.07 19.99 85.95
32000 50.49 44.82 35.68 28.29 19.86 86.06
32500 50.11 44.26 34.85 27.08 18.59 86.36
33000 49.37 43.75 34.50 26.44 18.56 85.67
33500 48.99 43.48 34.30 26.24 18.45 85.80
34000 48.48 42.73 33.48 25.39 17.60 86.01
34500 48.16 42.36 33.24 25.20 17.75 85.85
35000 47.52 41.52 33.13 25.16 17.56 85.30
35500 47.46 41.52 33.00 24.78 17.17 84.68
36000 46.84 40.98 32.24 24.29 16.84 85.54
36500 46.94 40.25 31.67 23.65 16.56 85.56
37000 47.19 40.95 32.08 24.13 16.68 85.00
37500 46.78 40.82 31.96 24.09 16.68 85.28
38000 46.82 40.40 31.64 23.94 16.94 85.04
38500 46.27 39.93 31.27 23.65 16.46 85.18
39000 46.48 40.40 31.55 23.60 16.33 84.52
39500 46.66 40.76 32.03 23.68 16.45 84.99
40000 46.43 40.28 31.83 24.04 16.50 84.63
40500 46.14 40.36 32.23 23.89 16.02 85.45
41000 45.83 40.29 31.88 24.00 16.61 84.81
41500 45.76 39.93 31.44 23.32 16.04 85.22
42000 45.37 39.27 30.79 22.67 15.76 84.90
42500 45.55 39.28 31.15 22.96 16.15 84.94
43000 45.15 38.97 30.43 22.40 15.41 84.38
43500 44.90 38.64 30.57 22.63 15.69 84.30
44000 44.70 38.58 30.11 22.36 14.88 84.61
44500 44.94 38.83 30.42 22.55 15.17 84.78
45000 45.09 38.83 30.44 22.80 15.28 84.68
45500 44.71 38.72 30.01 22.50 15.36 84.94
46000 44.00 38.06 29.33 21.66 14.66 84.50
46500 44.27 38.75 29.80 22.25 14.94 85.23
47000 44.25 38.44 29.70 21.86 14.75 84.78
47500 44.23 38.15 29.62 22.06 15.05 84.01
48000 43.55 38.02 29.42 22.05 14.95 84.29
48500 43.88 38.17 29.73 21.96 15.40 84.61
49000 43.57 38.05 29.42 21.67 14.81 84.61
49500 43.57 37.86 29.00 21.27 14.77 84.49
500 37.95 32.24 23.57 15.55 9.83 80.58
1000 41.40 35.40 26.32 18.34 11.94 84.90
1500 42.74 36.49 27.30 19.62 12.93 85.65
2000 43.64 36.97 28.07 20.85 13.90 84.73
2500 44.34 37.28 29.01 21.50 14.57 85.83
3000 45.04 38.29 29.62 22.17 15.39 85.77
3500 45.76 39.24 30.32 22.80 15.82 85.03
4000 45.48 39.20 30.87 23.24 16.43 85.73
4500 46.79 40.39 31.96 24.15 17.50 85.76
5000 47.58 41.23 32.92 25.18 18.07 85.48
5500 48.51 42.51 34.14 26.39 18.80 85.64
6000 48.89 42.94 34.53 27.26 19.29 86.01
6500 49.52 43.32 34.96 27.63 19.78 86.15
7000 50.06 43.82 35.17 27.74 19.89 85.86
7500 50.46 44.24 35.46 27.94 19.99 85.97
8000 50.59 44.32 35.96 27.82 19.80 86.13
8500 50.63 44.72 36.16 28.41 20.56 86.19
9000 51.39 45.06 36.75 28.52 21.24 85.89
9500 51.03 44.57 36.29 28.53 21.30 86.04
10000 51.25 45.38 36.70 28.04 20.97 86.38
10500 51.52 45.56 36.66 28.45 21.46 85.83
11000 51.37 45.53 37.03 28.84 21.49 86.22
11500 50.98 45.39 37.58 28.60 21.56 86.12
12000 51.33 45.50 37.02 28.60 21.37 85.08
12500 51.70 46.02 37.41 29.07 21.63 86.31
13000 51.68 46.09 37.99 28.92 21.88 85.85
13500 51.32 45.63 37.79 28.67 21.60 86.01
14000 51.25 45.65 37.51 28.61 21.52 85.64
14500 51.37 45.39 37.36 28.79 21.53 85.80
15000 51.91 46.18 38.00 29.42 21.82 85.84
15500 51.47 45.94 38.10 29.08 21.90 85.85
16000 51.28 45.81 37.38 29.18 21.90 85.48
16500 51.55 46.30 38.04 29.48 22.23 85.84
17000 52.03 46.08 38.16 29.43 21.81 85.67
17500 51.87 46.24 38.02 29.52 22.10 85.50
18000 51.68 46.14 37.71 29.24 21.78 85.49
18500 51.44 45.77 37.33 28.87 21.62 85.94
19000 51.44 45.64 37.80 29.45 22.05 85.63
19500 51.25 45.64 37.75 29.07 21.69 85.60
20000 51.11 45.56 37.47 28.84 21.74 85.40
20500 51.68 46.13 37.90 29.04 21.69 85.94
21000 51.62 45.90 37.61 29.15 21.61 86.11
21500 51.50 45.72 37.50 29.11 21.63 86.21
22000 51.78 46.10 37.85 29.08 21.67 85.85
22500 52.14 46.41 38.17 29.55 22.19 85.41
23000 51.54 45.75 37.48 29.04 21.58 86.06
23500 51.47 45.60 37.65 28.93 21.43 85.69
24000 51.74 46.03 37.33 29.21 21.54 85.85
24500 51.56 45.73 37.29 28.46 21.36 85.99
25000 51.59 45.87 37.65 29.02 21.59 86.38
25500 51.35 45.80 37.71 29.05 21.60 85.66
26000 51.63 46.03 37.71 28.99 21.91 85.51
26500 51.66 46.07 37.88 29.53 22.13 85.74
27000 51.27 45.81 37.44 28.89 21.75 86.15
27500 52.11 46.46 38.06 29.31 21.99 84.94
28000 51.35 45.92 37.39 28.85 21.66 85.61
28500 51.17 45.77 37.38 28.84 21.74 85.76
29000 51.51 45.82 37.75 28.82 21.95 85.22
29500 51.28 46.15 37.92 28.66 21.57 85.89
30000 51.43 46.05 37.85 28.99 21.61 85.55
30500 51.60 46.09 37.90 28.99 21.68 86.09
31000 51.61 46.22 37.99 29.10 21.73 86.00
31500 51.94 46.54 38.29 29.08 21.81 86.13
32000 51.80 46.24 37.89 28.87 21.64 85.43
32500 51.97 46.47 38.54 29.04 21.72 85.78
33000 52.00 46.58 38.51 29.12 22.06 85.83
33500 51.89 46.40 38.18 28.86 21.76 85.64
34000 51.88 46.64 38.43 29.85 22.32 86.18
34500 51.94 46.86 38.60 29.75 22.32 86.15
35000 51.90 46.52 38.34 29.26 22.23 85.93
35500 52.00 46.45 38.48 29.47 22.01 86.06
36000 51.81 46.48 38.18 29.09 21.92 86.05
36500 51.63 46.33 38.17 29.08 22.03 86.12
37000 52.33 47.10 38.61 29.34 21.86 86.34
37500 52.02 46.71 38.77 29.41 21.99 86.06
38000 51.87 46.50 38.51 29.39 22.15 85.98
38500 52.08 46.72 38.79 29.62 21.91 86.22
39000 52.31 47.12 39.24 29.89 21.99 85.57
39500 52.13 46.63 38.48 29.25 21.70 86.01
40000 51.67 46.44 38.03 29.09 21.75 85.79
40500 51.62 45.95 37.84 28.95 21.51 85.93
41000 52.31 46.67 38.49 29.54 22.05 85.90
41500 51.74 46.34 38.19 29.39 22.08 85.67
42000 52.26 46.86 38.45 29.68 22.41 85.73
42500 52.43 47.20 38.54 29.88 22.43 85.97
43000 52.34 46.90 38.79 29.69 22.21 86.11
43500 52.71 47.19 38.92 29.72 22.31 85.91
44000 52.23 46.78 38.57 29.35 22.05 86.05
44500 52.32 47.00 38.71 29.45 22.02 85.89
45000 52.39 47.01 38.58 29.44 22.23 85.75
45500 52.42 47.34 38.87 30.13 22.45 86.12
46000 52.38 47.11 38.69 29.52 22.25 85.68
46500 51.85 46.68 38.46 29.91 22.38 85.67
47000 52.18 46.51 38.15 29.53 22.32 85.92
47500 52.28 47.10 38.77 29.99 22.65 86.11
48000 52.41 46.86 38.83 29.66 22.35 85.85
48500 52.34 47.01 38.49 29.69 22.29 85.68
49000 51.88 46.49 38.10 29.33 21.96 85.78
49500 52.10 46.72 38.03 29.28 22.08 85.55
